<?xml version="1.0" encoding="UTF-8"?>
<!-- Generated by org.testng.reporters.JUnitReportReporter -->
<testsuite hostname="DESKTOP-NFEAOIQ" failures="0" tests="2" name="runner.TestRunner" time="25.211" errors="0" timestamp="2023-04-23T07:55:14 BST" skipped="0">
  <testcase classname="runner.TestRunner" name="runScenario" time="8.025"/>
  <system-out/>
  <testcase classname="runner.TestRunner" name="runScenario" time="17.186"/>
  <system-out/>
</testsuite> <!-- runner.TestRunner -->
